<?xml version="1.0" encoding="utf-8"?><testsuites name="pytest tests"><testsuite name="pytest" errors="0" failures="0" skipped="0" tests="6" time="1.883" timestamp="2026-06-15T07:58:31.256475+00:00" hostname="agent-env-4027bb22-70e1-4b56-b5d3-5e63cba1e90a"><testcase classname="backend.tests.test_admin_dashboard_endpoints.TestAdminDashboardEndpoints" name="test_admin_dashboard_shape" time="0.547" /><testcase classname="backend.tests.test_admin_dashboard_endpoints.TestAdminDashboardEndpoints" name="test_admin_attendance_trend" time="0.111" /><testcase classname="backend.tests.test_admin_dashboard_endpoints.TestAdminDashboardEndpoints" name="test_admin_attendance_by_department" time="0.132" /><testcase classname="backend.tests.test_admin_dashboard_endpoints.TestAdminDashboardEndpoints" name="test_admin_attendance_today" time="0.137" /><testcase classname="backend.tests.test_admin_dashboard_endpoints.TestAdminDashboardEndpoints" name="test_attendance_history_staff" time="0.420" /><testcase classname="backend.tests.test_admin_dashboard_endpoints.TestAdminDashboardEndpoints" name="test_attendance_today_staff" time="0.470" /></testsuite></testsuites>