<?xml version="1.0" encoding="utf-8"?><testsuites name="pytest tests"><testsuite name="pytest" errors="0" failures="0" skipped="0" tests="14" time="2.888" timestamp="2026-06-16T05:41:30.578020+00:00" hostname="agent-env-16583472-5bac-48bd-abbf-1cfe599703cc"><testcase classname="backend.tests.test_login_methods.TestOtp" name="test_otp_request_valid" time="0.300" /><testcase classname="backend.tests.test_login_methods.TestOtp" name="test_otp_request_short_number" time="0.051" /><testcase classname="backend.tests.test_login_methods.TestOtp" name="test_otp_verify_faculty" time="0.045" /><testcase classname="backend.tests.test_login_methods.TestOtp" name="test_otp_verify_unknown_phone_returns_primary_student" time="0.047" /><testcase classname="backend.tests.test_login_methods.TestOtp" name="test_otp_verify_wrong_code" time="0.043" /><testcase classname="backend.tests.test_login_methods.TestMicrosoft" name="test_microsoft_login_default_student" time="0.092" /><testcase classname="backend.tests.test_login_methods" name="test_password_login_regression[student@mahindrauniversity.edu.in-student123-student]" time="0.268" /><testcase classname="backend.tests.test_login_methods" name="test_password_login_regression[student2@mahindrauniversity.edu.in-student123-student]" time="0.267" /><testcase classname="backend.tests.test_login_methods" name="test_password_login_regression[faculty@mahindrauniversity.edu.in-faculty123-staff]" time="0.265" /><testcase classname="backend.tests.test_login_methods" name="test_password_login_regression[librarian@mahindrauniversity.edu.in-librarian123-staff]" time="0.269" /><testcase classname="backend.tests.test_login_methods" name="test_password_login_regression[warden@mahindrauniversity.edu.in-warden123-staff]" time="0.266" /><testcase classname="backend.tests.test_login_methods" name="test_password_login_regression[security@mahindrauniversity.edu.in-security123-staff]" time="0.267" /><testcase classname="backend.tests.test_login_methods" name="test_password_login_regression[exam@mahindrauniversity.edu.in-exam123-staff]" time="0.268" /><testcase classname="backend.tests.test_login_methods" name="test_password_login_regression[admin@mahindrauniversity.edu.in-admin123-admin]" time="0.270" /></testsuite></testsuites>