<?xml version="1.0" encoding="utf-8"?><testsuites name="pytest tests"><testsuite name="pytest" errors="0" failures="0" skipped="0" tests="20" time="7.659" timestamp="2026-06-14T09:25:56.699440+00:00" hostname="agent-env-4027bb22-70e1-4b56-b5d3-5e63cba1e90a"><testcase classname="backend.tests.test_attendance_e2e.TestAuth" name="test_login_all_demo_accounts[student@mahindrauniversity.edu.in-student123-student]" time="0.481" /><testcase classname="backend.tests.test_attendance_e2e.TestAuth" name="test_login_all_demo_accounts[student2@mahindrauniversity.edu.in-student123-student]" time="0.268" /><testcase classname="backend.tests.test_attendance_e2e.TestAuth" name="test_login_all_demo_accounts[faculty@mahindrauniversity.edu.in-faculty123-staff]" time="0.268" /><testcase classname="backend.tests.test_attendance_e2e.TestAuth" name="test_login_all_demo_accounts[librarian@mahindrauniversity.edu.in-librarian123-staff]" time="0.265" /><testcase classname="backend.tests.test_attendance_e2e.TestAuth" name="test_login_all_demo_accounts[warden@mahindrauniversity.edu.in-warden123-staff]" time="0.272" /><testcase classname="backend.tests.test_attendance_e2e.TestAuth" name="test_login_all_demo_accounts[security@mahindrauniversity.edu.in-security123-staff]" time="0.269" /><testcase classname="backend.tests.test_attendance_e2e.TestAuth" name="test_login_all_demo_accounts[exam@mahindrauniversity.edu.in-exam123-staff]" time="0.268" /><testcase classname="backend.tests.test_attendance_e2e.TestAuth" name="test_login_all_demo_accounts[admin@mahindrauniversity.edu.in-admin123-admin]" time="0.263" /><testcase classname="backend.tests.test_attendance_e2e.TestAuth" name="test_login_wrong_password" time="0.264" /><testcase classname="backend.tests.test_attendance_e2e.TestAuth" name="test_auth_me" time="0.305" /><testcase classname="backend.tests.test_attendance_e2e.TestAuth" name="test_auth_me_no_token" time="0.040" /><testcase classname="backend.tests.test_attendance_e2e.TestAttendanceMultiPunch" name="test_all_three_punches_accepted" time="3.779" /><testcase classname="backend.tests.test_attendance_e2e.TestAttendanceMultiPunch" name="test_attendance_today_reflects_first_in_and_last_out" time="0.044" /><testcase classname="backend.tests.test_attendance_e2e.TestAttendanceMultiPunch" name="test_history_sorted_desc_and_types" time="0.045" /><testcase classname="backend.tests.test_attendance_e2e.TestAttendanceMultiPunch" name="test_lastEventToday_logic_matches_frontend" time="0.045" /><testcase classname="backend.tests.test_attendance_e2e.TestAttendanceMisc" name="test_geofences" time="0.043" /><testcase classname="backend.tests.test_attendance_e2e.TestAttendanceMisc" name="test_stats_monthly" time="0.046" /><testcase classname="backend.tests.test_attendance_e2e.TestAdminAndMess" name="test_admin_dashboard_admin" time="0.337" /><testcase classname="backend.tests.test_attendance_e2e.TestAdminAndMess" name="test_admin_dashboard_forbidden_for_staff" time="0.044" /><testcase classname="backend.tests.test_attendance_e2e.TestAdminAndMess" name="test_mess_list" time="0.043" /></testsuite></testsuites>