<?xml version="1.0" encoding="utf-8"?><testsuites name="pytest tests"><testsuite name="pytest" errors="0" failures="0" skipped="0" tests="5" time="5.473" timestamp="2026-06-16T20:49:31.199396+00:00" hostname="agent-env-16583472-5bac-48bd-abbf-1cfe599703cc"><testcase classname="backend.tests.test_external_profile_sync.TestOtpExternalProfile" name="test_otp_verify_known_phone_enriched" time="2.948" /><testcase classname="backend.tests.test_external_profile_sync.TestOtpExternalProfile" name="test_otp_verify_unknown_phone_blocks" time="1.931" /><testcase classname="backend.tests.test_external_profile_sync.TestOtpExternalProfile" name="test_otp_verify_wrong_code_unauthorized" time="0.055" /><testcase classname="backend.tests.test_external_profile_sync.TestExistingFlowsRegression" name="test_password_login_faculty" time="0.285" /><testcase classname="backend.tests.test_external_profile_sync.TestExistingFlowsRegression" name="test_microsoft_default" time="0.057" /></testsuite></testsuites>